Removed Pin From Net: NetName=GPIO1 Pin=J2-4
Removed Pin From Net: NetName=GPIO1 Pin=J2-5
Removed Pin From Net: NetName=GPIO1 Pin=J2-7
Removed Pin From Net: NetName=GPIO1 Pin=J2-8
Removed Pin From Net: NetName=GPIO1 Pin=J3-3
Removed Pin From Net: NetName=GPIO1 Pin=J3-4
Removed Pin From Net: NetName=GPIO1 Pin=J3-5
Removed Pin From Net: NetName=GPIO1 Pin=J3-6
Removed Pin From Net: NetName=GPIO1 Pin=J14-2
Removed Pin From Net: NetName=GPIO1 Pin=J16-3
Removed Pin From Net: NetName=GPIO1 Pin=J16-4
Removed Pin From Net: NetName=GPIO1 Pin=R15-1
Removed Pin From Net: NetName=GPIO1 Pin=R16-1
Removed Pin From Net: NetName=GPIO1 Pin=R17-1
Removed Pin From Net: NetName=GPIO1 Pin=R21-1
Removed Pin From Net: NetName=GPIO1 Pin=U2-4
Removed Pin From Net: NetName=GPIO1 Pin=U2-5
Removed Pin From Net: NetName=GPIO1 Pin=U2-9
Removed Pin From Net: NetName=GPIO1 Pin=U2-18
Removed Pin From Net: NetName=GPIO1 Pin=U2-19
Removed Pin From Net: NetName=GPIO1 Pin=U2-20
Removed Pin From Net: NetName=GPIO1 Pin=U2-21
Removed Pin From Net: NetName=GPIO1 Pin=U2-27
Removed Pin From Net: NetName=GPIO1 Pin=U7-1
Removed Pin From Net: NetName=GPIO1 Pin=U7-4
Change Net Name : Old Net Name=GPIO1 New Net Name=GPIO3
Added Pin To Net: NetName=GPIO1 Pin=J2-4
Added Pin To Net: NetName=GPIO1 Pin=J14-2
Added Pin To Net: NetName=GPIO1 Pin=U2-9
Added Net: Name=GPIO1
Added Pin To Net: NetName=GPIO2 Pin=J2-5
Added Pin To Net: NetName=GPIO2 Pin=U2-27
Added Pin To Net: NetName=GPIO2 Pin=U7-1
Added Pin To Net: NetName=GPIO2 Pin=U7-4
Added Net: Name=GPIO2
Added Pin To Net: NetName=GPIO4 Pin=J2-7
Added Pin To Net: NetName=GPIO4 Pin=J16-3
Added Pin To Net: NetName=GPIO4 Pin=U2-4
Added Net: Name=GPIO4
Added Pin To Net: NetName=GPIO5 Pin=J2-8
Added Pin To Net: NetName=GPIO5 Pin=J16-4
Added Pin To Net: NetName=GPIO5 Pin=U2-5
Added Net: Name=GPIO5
Added Pin To Net: NetName=GPIO20 Pin=J3-6
Added Pin To Net: NetName=GPIO20 Pin=R17-1
Added Pin To Net: NetName=GPIO20 Pin=U2-18
Added Net: Name=GPIO20
Added Pin To Net: NetName=GPIO21 Pin=J3-5
Added Pin To Net: NetName=GPIO21 Pin=R15-1
Added Pin To Net: NetName=GPIO21 Pin=U2-19
Added Net: Name=GPIO21
Added Pin To Net: NetName=GPIO22 Pin=J3-4
Added Pin To Net: NetName=GPIO22 Pin=R16-1
Added Pin To Net: NetName=GPIO22 Pin=U2-20
Added Net: Name=GPIO22
Added Pin To Net: NetName=GPIO23 Pin=J3-3
Added Pin To Net: NetName=GPIO23 Pin=R21-1
Added Pin To Net: NetName=GPIO23 Pin=U2-21
Added Net: Name=GPIO23
