Added Component: Designator=U3(MODULE_TFT_2.4")
Added Pin To Net: NetName=3V3 Pin=U3-1
Added Pin To Net: NetName=GND Pin=U3-2
Added Pin To Net: NetName=GPIO10 Pin=U3-3
Added Pin To Net: NetName=3V3 Pin=U3-4
Added Pin To Net: NetName=GPIO9 Pin=U3-5
Added Pin To Net: NetName=GPIO11 Pin=U3-6
Added Pin To Net: NetName=GPIO12 Pin=U3-7
Added Pin To Net: NetName=3V3 Pin=U3-8
Added Pin To Net: NetName=GPIO13 Pin=U3-9
Added Pin To Net: NetName=GPIO12 Pin=U3-10
Added Pin To Net: NetName=GPIO18 Pin=U3-11
Added Pin To Net: NetName=GPIO11 Pin=U3-12
Added Pin To Net: NetName=GPIO13 Pin=U3-13
Added Pin To Net: NetName=GPIO15 Pin=U3-14
Added Pin To Net: NetName=NetJ9_1 Pin=J9-1
Added Pin To Net: NetName=NetJ9_1 Pin=U3-15
Added Net: Name=NetJ9_1
Added Pin To Net: NetName=NetJ9_2 Pin=J9-2
Added Pin To Net: NetName=NetJ9_2 Pin=U3-16
Added Net: Name=NetJ9_2
Added Pin To Net: NetName=NetJ9_3 Pin=J9-3
Added Pin To Net: NetName=NetJ9_3 Pin=U3-17
Added Net: Name=NetJ9_3
Added Pin To Net: NetName=NetJ9_4 Pin=J9-4
Added Pin To Net: NetName=NetJ9_4 Pin=U3-18
Added Net: Name=NetJ9_4
