Removed Pin From Net: NetName=3V3 Pin=J2-1
Removed Pin From Net: NetName=GPIO0 Pin=J2-3
Removed Pin From Net: NetName=GPIO1 Pin=J2-4
Removed Pin From Net: NetName=GPIO2 Pin=J2-5
Removed Pin From Net: NetName=GPIO3 Pin=J2-6
Removed Pin From Net: NetName=GPIO4 Pin=J2-7
Removed Pin From Net: NetName=GPIO5 Pin=J2-8
Removed Pin From Net: NetName=GPIO6 Pin=J2-9
Removed Pin From Net: NetName=UART_RXD Pin=J2-10
Removed Pin From Net: NetName=UART_TXD Pin=J2-11
Removed Pin From Net: NetName=CHIP_PU Pin=J2-12
Removed Pin From Net: NetName=GPIO7 Pin=J2-13
Removed Pin From Net: NetName=5V Pin=J3-1
Removed Pin From Net: NetName=GPIO23 Pin=J3-3
Removed Pin From Net: NetName=GPIO22 Pin=J3-4
Removed Pin From Net: NetName=GPIO21 Pin=J3-5
Removed Pin From Net: NetName=GPIO20 Pin=J3-6
Removed Pin From Net: NetName=GPIO19 Pin=J3-7
Removed Pin From Net: NetName=GPIO18 Pin=J3-8
Removed Pin From Net: NetName=GPIO15 Pin=J3-9
Removed Pin From Net: NetName=GPIO13 Pin=J3-10
Removed Pin From Net: NetName=GPIO12 Pin=J3-11
Removed Pin From Net: NetName=GPIO10 Pin=J3-13
Removed Pin From Net: NetName=GPIO9 Pin=J3-14
Removed Pin From Net: NetName=GPIO8 Pin=J3-15
Added Pin To Net: NetName=5V Pin=J2-1
Added Pin To Net: NetName=GPIO2 Pin=J2-3
Added Pin To Net: NetName=GPIO3 Pin=J2-4
Added Pin To Net: NetName=UART_TXD Pin=J2-5
Added Pin To Net: NetName=UART_RXD Pin=J2-6
Added Pin To Net: NetName=GPIO15 Pin=J2-7
Added Pin To Net: NetName=GPIO23 Pin=J2-8
Added Pin To Net: NetName=GPIO22 Pin=J2-9
Added Pin To Net: NetName=GPIO21 Pin=J2-10
Added Pin To Net: NetName=GPIO20 Pin=J2-11
Added Pin To Net: NetName=GPIO19 Pin=J2-12
Added Pin To Net: NetName=GPIO18 Pin=J2-13
Added Pin To Net: NetName=GPIO9 Pin=J2-14
Added Pin To Net: NetName=GND Pin=J2-15
Added Pin To Net: NetName=3V3 Pin=J3-1
Added Pin To Net: NetName=CHIP_PU Pin=J3-3
Added Pin To Net: NetName=GPIO4 Pin=J3-4
Added Pin To Net: NetName=GPIO5 Pin=J3-5
Added Pin To Net: NetName=GPIO6 Pin=J3-6
Added Pin To Net: NetName=GPIO7 Pin=J3-7
Added Pin To Net: NetName=GPIO0 Pin=J3-8
Added Pin To Net: NetName=GPIO1 Pin=J3-9
Added Pin To Net: NetName=GPIO8 Pin=J3-10
Added Pin To Net: NetName=GPIO10 Pin=J3-11
Added Pin To Net: NetName=GPIO12 Pin=J3-13
Added Pin To Net: NetName=GPIO13 Pin=J3-14
Added Pin To Net: NetName=GND Pin=J3-15
