Removed Pin From Net: NetName=GND Pin=J2-2
Removed Pin From Net: NetName=GPIO0_ADC1_0 Pin=J2-3
Removed Pin From Net: NetName=GPIO1_ADC1_1 Pin=J2-4
Removed Pin From Net: NetName=GPIO2_ADC1_2 Pin=J2-5
Removed Pin From Net: NetName=GPIO3 Pin=J2-6
Removed Pin From Net: NetName=GPIO4_SCK Pin=J2-7
Removed Pin From Net: NetName=GPIO5_MISO Pin=J2-8
Removed Pin From Net: NetName=GPIO6_MOSI Pin=J2-9
Removed Pin From Net: NetName=GPIO7_SS Pin=J2-10
Removed Pin From Net: NetName=GPIO8_SDA Pin=J3-4
Removed Pin From Net: NetName=GPIO9_SCL Pin=J3-5
Removed Pin From Net: NetName=GPIO10 Pin=J3-6
Added Pin To Net: NetName=GPIO7_SS Pin=J2-2
Added Pin To Net: NetName=GPIO6_MOSI Pin=J2-3
Added Pin To Net: NetName=GPIO5_MISO Pin=J2-4
Added Pin To Net: NetName=GPIO4_SCK Pin=J2-5
Added Pin To Net: NetName=GPIO10 Pin=J2-6
Added Pin To Net: NetName=GPIO1_ADC1_1 Pin=J2-7
Added Pin To Net: NetName=GPIO0_ADC1_0 Pin=J2-8
Added Pin To Net: NetName=GPIO3 Pin=J2-9
Added Pin To Net: NetName=GPIO2_ADC1_2 Pin=J2-10
Added Pin To Net: NetName=GND Pin=J3-4
Added Pin To Net: NetName=GPIO8_SDA Pin=J3-5
Added Pin To Net: NetName=GPIO9_SCL Pin=J3-6
