Removed Pin From Net: NetName=GND Pin=C25-1
Removed Pin From Net: NetName=3V3 Pin=C25-2
Removed Pin From Net: NetName=5V Pin=J2-1
Removed Pin From Net: NetName=GPIO10 Pin=J2-6
Removed Pin From Net: NetName=3V3 Pin=J3-1
Removed Pin From Net: NetName=GND Pin=J3-3
Removed Pin From Net: NetName=GND Pin=J3-4
Removed Pin From Net: NetName=GPIO9_SCL Pin=J3-6
Removed Pin From Net: NetName=GPIO18 Pin=J3-7
Removed Pin From Net: NetName=GPIO19 Pin=J3-8
Removed Pin From Net: NetName=UART_RXD Pin=J3-9
Removed Pin From Net: NetName=UART_TXD Pin=J3-10
Removed Pin From Net: NetName=GPIO9_SCL Pin=J13-3
Removed Pin From Net: NetName=GND Pin=R7-1
Removed Pin From Net: NetName=GPIO10 Pin=R15-1
Removed Pin From Net: NetName=GPIO18 Pin=R16-1
Removed Pin From Net: NetName=GPIO19 Pin=R17-1
Removed Pin From Net: NetName=GND Pin=U2-2
Removed Pin From Net: NetName=3V3 Pin=U2-3
Removed Pin From Net: NetName=CHIP_PU Pin=U2-8
Removed Pin From Net: NetName=GND Pin=U2-11
Removed Pin From Net: NetName=GPIO1_ADC1_1 Pin=U2-13
Removed Pin From Net: NetName=GND Pin=U2-14
Removed Pin From Net: NetName=GPIO10 Pin=U2-16
Removed Pin From Net: NetName=GPIO9_SCL Pin=U2-23
Removed Pin From Net: NetName=GPIO18 Pin=U2-26
Removed Pin From Net: NetName=GPIO19 Pin=U2-27
Removed Pin From Net: NetName=UART_RXD Pin=U2-30
Removed Pin From Net: NetName=UART_TXD Pin=U2-31
Removed Pin From Net: NetName=GND Pin=U2-38
Removed Pin From Net: NetName=GND Pin=U2-39
Removed Pin From Net: NetName=GND Pin=U2-40
Removed Pin From Net: NetName=GND Pin=U2-41
Removed Pin From Net: NetName=GND Pin=U2-42
Removed Pin From Net: NetName=GND Pin=U2-43
Removed Pin From Net: NetName=GND Pin=U2-44
Removed Pin From Net: NetName=GND Pin=U2-45
Removed Pin From Net: NetName=GND Pin=U2-46
Removed Pin From Net: NetName=GND Pin=U2-47
Removed Pin From Net: NetName=GND Pin=U2-48
Removed Pin From Net: NetName=GND Pin=U2-49_1
Removed Pin From Net: NetName=GND Pin=U2-49_2
Removed Pin From Net: NetName=GND Pin=U2-49_3
Removed Pin From Net: NetName=GND Pin=U2-49_4
Removed Pin From Net: NetName=GND Pin=U2-49_5
Removed Pin From Net: NetName=GND Pin=U2-49_6
Removed Pin From Net: NetName=GND Pin=U2-49_7
Removed Pin From Net: NetName=GND Pin=U2-49_8
Removed Pin From Net: NetName=GND Pin=U2-49_9
Removed Pin From Net: NetName=GND Pin=U2-50
Removed Pin From Net: NetName=GND Pin=U2-51
Removed Pin From Net: NetName=GND Pin=U2-52
Removed Pin From Net: NetName=GND Pin=U2-53
Removed Pin From Net: NetName=GND Pin=U6-2
Removed Pin From Net: NetName=3V3 Pin=U6-5
Change Component Footprint: Designator=J2 Old Footprint=CONN_HEADER_MALE_10P New Footprint=HEADER_MALE_15P
Change Component Footprint: Designator=J3 Old Footprint=CONN_HEADER_MALE_10P New Footprint=HEADER_MALE_15P
Change Component Footprint: Designator=U2 Old Footprint=XCVR_ESP32-C3-MINI-1-N4 New Footprint=IC_MODULE_ESP32C6WROOM1N4
Change Component Comment : Designator=U2 Old Comment=ESP32-C3-MINI-1-N4 New Comment=ESP32-C6-WROOM-1-N4
Change Component Comment : Designator=J2 Old Comment=PH1-10-UA New Comment=PEC15SFAN
Change Component Comment : Designator=J3 Old Comment=PH1-10-UA New Comment=PEC15SFAN
Change component parameters: Designator = "J2" ("J2"); Footprint = "CONN_HEADER_MALE_10P"; UniqueID = "\ZSAEKOPD" ("\ZSAEKOPD")
Change component parameters (AddParameter): Name = "Category"; Value = "Connectors"; VariantName = "[No Variations]"
Change component parameters (AddParameter): Name = "Color"; Value = "Black"; VariantName = "[No Variations]"
Change component parameters (AddParameter): Name = "ComponentLink1Description"; Value = "https://s3.amazonaws.com/catalogspreads-pdf/PAGE108-109%20.100%20MALE%20HDR.pdf?src-supplier=Digikey"; VariantName = "[No Variations]"
Change component parameters (AddParameter): Name = "ComponentLink1URL"; Value = "https://s3.amazonaws.com/catalogspreads-pdf/PAGE108-109%20.100%20MALE%20HDR.pdf?src-supplier=Digikey"; VariantName = "[No Variations]"
Change component parameters (AddParameter): Name = "Contact Material"; Value = "Bronze"; VariantName = "[No Variations]"
Change component parameters (AddParameter): Name = "Contact Mating Length"; Value = "0.318inch"; VariantName = "[No Variations]"
Change component parameters (AddParameter): Name = "Contact Plating"; Value = "Tin"; VariantName = "[No Variations]"
Change component parameters (AddParameter): Name = "Contact Type"; Value = "Male Pin"; VariantName = "[No Variations]"
Change component parameters (AddParameter): Name = "Gender"; Value = "Male"; VariantName = "[No Variations]"
Change component parameters (AddParameter): Name = "Height"; Value = "2.54mm"; VariantName = "[No Variations]"
Change component parameters (AddParameter): Name = "Housing Color"; Value = "Black"; VariantName = "[No Variations]"
Change component parameters (AddParameter): Name = "Housing Material"; Value = "Plastic"; VariantName = "[No Variations]"
Change component parameters (AddParameter): Name = "Lead Free"; Value = "Lead Free"; VariantName = "[No Variations]"
Change component parameters (AddParameter): Name = "Length"; Value = "38.1mm"; VariantName = "[No Variations]"
Change component parameters (AddParameter): Name = "Manufacturer"; Value = "Sullins"; VariantName = "[No Variations]"
Change component parameters (AddParameter): Name = "Manufacturer Part Number"; Value = "PEC15SFAN"; VariantName = "[No Variations]"
Change component parameters (AddParameter): Name = "Mount"; Value = "Through Hole"; VariantName = "[No Variations]"
Change component parameters (AddParameter): Name = "Number of Contacts"; Value = "15"; VariantName = "[No Variations]"
Change component parameters (AddParameter): Name = "Number of Positions"; Value = "15"; VariantName = "[No Variations]"
Change component parameters (AddParameter): Name = "Number of Rows"; Value = "1"; VariantName = "[No Variations]"
Change component parameters (AddParameter): Name = "Package Quantity"; Value = "1"; VariantName = "[No Variations]"
Change component parameters (AddParameter): Name = "Packaging"; Value = "Bulk"; VariantName = "[No Variations]"
Change component parameters (AddParameter): Name = "Pitch"; Value = "0.1inch"; VariantName = "[No Variations]"
Change component parameters (AddParameter): Name = "Pricing 1"; Value = "1=0.82, 10=0.695, 100=0.6239, 500=0.5105, 1000=0.45378, 5000=0.40516 (USD)"; VariantName = "[No Variations]"
Change component parameters (AddParameter): Name = "RoHS"; Value = "Yes"; VariantName = "[No Variations]"
Change component parameters (AddParameter): Name = "RoHS Compliant"; Value = "Yes"; VariantName = "[No Variations]"
Change component parameters (AddParameter): Name = "Stock 1"; Value = "17155"; VariantName = "[No Variations]"
Change component parameters (AddParameter): Name = "Supplier 1"; Value = "Digikey"; VariantName = "[No Variations]"
Change component parameters (AddParameter): Name = "Supplier Part Number 1"; Value = "S1212E-15-ND"; VariantName = "[No Variations]"
Change component parameters (AddParameter): Name = "Termination"; Value = "Solder"; VariantName = "[No Variations]"
Change component parameters (AddParameter): Name = "Width"; Value = "2.54mm"; VariantName = "[No Variations]"
Change component parameters: Designator = "J3" ("J3"); Footprint = "CONN_HEADER_MALE_10P"; UniqueID = "\HEVMIXQZ" ("\HEVMIXQZ")
Change component parameters (AddParameter): Name = "Category"; Value = "Connectors"; VariantName = "[No Variations]"
Change component parameters (AddParameter): Name = "Color"; Value = "Black"; VariantName = "[No Variations]"
Change component parameters (AddParameter): Name = "ComponentLink1Description"; Value = "https://s3.amazonaws.com/catalogspreads-pdf/PAGE108-109%20.100%20MALE%20HDR.pdf?src-supplier=Digikey"; VariantName = "[No Variations]"
Change component parameters (AddParameter): Name = "ComponentLink1URL"; Value = "https://s3.amazonaws.com/catalogspreads-pdf/PAGE108-109%20.100%20MALE%20HDR.pdf?src-supplier=Digikey"; VariantName = "[No Variations]"
Change component parameters (AddParameter): Name = "Contact Material"; Value = "Bronze"; VariantName = "[No Variations]"
Change component parameters (AddParameter): Name = "Contact Mating Length"; Value = "0.318inch"; VariantName = "[No Variations]"
Change component parameters (AddParameter): Name = "Contact Plating"; Value = "Tin"; VariantName = "[No Variations]"
Change component parameters (AddParameter): Name = "Contact Type"; Value = "Male Pin"; VariantName = "[No Variations]"
Change component parameters (AddParameter): Name = "Gender"; Value = "Male"; VariantName = "[No Variations]"
Change component parameters (AddParameter): Name = "Height"; Value = "2.54mm"; VariantName = "[No Variations]"
Change component parameters (AddParameter): Name = "Housing Color"; Value = "Black"; VariantName = "[No Variations]"
Change component parameters (AddParameter): Name = "Housing Material"; Value = "Plastic"; VariantName = "[No Variations]"
Change component parameters (AddParameter): Name = "Lead Free"; Value = "Lead Free"; VariantName = "[No Variations]"
Change component parameters (AddParameter): Name = "Length"; Value = "38.1mm"; VariantName = "[No Variations]"
Change component parameters (AddParameter): Name = "Manufacturer"; Value = "Sullins"; VariantName = "[No Variations]"
Change component parameters (AddParameter): Name = "Manufacturer Part Number"; Value = "PEC15SFAN"; VariantName = "[No Variations]"
Change component parameters (AddParameter): Name = "Mount"; Value = "Through Hole"; VariantName = "[No Variations]"
Change component parameters (AddParameter): Name = "Number of Contacts"; Value = "15"; VariantName = "[No Variations]"
Change component parameters (AddParameter): Name = "Number of Positions"; Value = "15"; VariantName = "[No Variations]"
Change component parameters (AddParameter): Name = "Number of Rows"; Value = "1"; VariantName = "[No Variations]"
Change component parameters (AddParameter): Name = "Package Quantity"; Value = "1"; VariantName = "[No Variations]"
Change component parameters (AddParameter): Name = "Packaging"; Value = "Bulk"; VariantName = "[No Variations]"
Change component parameters (AddParameter): Name = "Pitch"; Value = "0.1inch"; VariantName = "[No Variations]"
Change component parameters (AddParameter): Name = "Pricing 1"; Value = "1=0.82, 10=0.695, 100=0.6239, 500=0.5105, 1000=0.45378, 5000=0.40516 (USD)"; VariantName = "[No Variations]"
Change component parameters (AddParameter): Name = "RoHS"; Value = "Yes"; VariantName = "[No Variations]"
Change component parameters (AddParameter): Name = "RoHS Compliant"; Value = "Yes"; VariantName = "[No Variations]"
Change component parameters (AddParameter): Name = "Stock 1"; Value = "17155"; VariantName = "[No Variations]"
Change component parameters (AddParameter): Name = "Supplier 1"; Value = "Digikey"; VariantName = "[No Variations]"
Change component parameters (AddParameter): Name = "Supplier Part Number 1"; Value = "S1212E-15-ND"; VariantName = "[No Variations]"
Change component parameters (AddParameter): Name = "Termination"; Value = "Solder"; VariantName = "[No Variations]"
Change component parameters (AddParameter): Name = "Width"; Value = "2.54mm"; VariantName = "[No Variations]"
Change component parameters: Designator = "U2" ("U2"); Footprint = "XCVR_ESP32-C3-MINI-1-N4"; UniqueID = "\GLGCGNRE" ("\GLGCGNRE")
Change component parameters (AddParameter): Name = "Category"; Value = "LDO"; VariantName = "[No Variations]"
Change component parameters (AddParameter): Name = "Manufacturer"; Value = "Espressif Systems"; VariantName = "[No Variations]"
Change component parameters (AddParameter): Name = "Manufacturer Part Number"; Value = "ESP32-C6-WROOM-1-N4"; VariantName = "[No Variations]"
Change component parameters (AddParameter): Name = "Pricing 1"; Value = "1=2.85 (USD)"; VariantName = "[No Variations]"
Change component parameters (AddParameter): Name = "RoHS"; Value = "No"; VariantName = "[No Variations]"
Change component parameters (AddParameter): Name = "Stock 1"; Value = "4715"; VariantName = "[No Variations]"
Change component parameters (AddParameter): Name = "Supplier 1"; Value = "Digikey"; VariantName = "[No Variations]"
Change component parameters (AddParameter): Name = "Supplier Part Number 1"; Value = "1965-ESP32-C6-WROOM-1-N4CT-ND"; VariantName = "[No Variations]"
Added Pin To Net: NetName=GND Pin=J1-SH1
Added Pin To Net: NetName=GND Pin=J1-SH2
Added Pin To Net: NetName=GND Pin=J1-SH3
Added Pin To Net: NetName=GND Pin=J1-SH4
Added Pin To Net: NetName=3V3 Pin=J2-1
Added Pin To Net: NetName=GND Pin=J2-2
Added Pin To Net: NetName=GPIO1_ADC1_1 Pin=J2-5
Added Pin To Net: NetName=GPIO1_ADC1_1 Pin=J2-6
Added Pin To Net: NetName=GPIO1_ADC1_1 Pin=J2-8
Added Pin To Net: NetName=UART_RXD Pin=J2-10
Added Pin To Net: NetName=UART_TXD Pin=J2-11
Added Pin To Net: NetName=CHIP_PU Pin=J2-12
Added Pin To Net: NetName=5V Pin=J3-1
Added Pin To Net: NetName=GPIO1_ADC1_1 Pin=J3-3
Added Pin To Net: NetName=GPIO1_ADC1_1 Pin=J3-4
Added Pin To Net: NetName=GPIO1_ADC1_1 Pin=J3-5
Added Pin To Net: NetName=GPIO1_ADC1_1 Pin=J3-6
Added Pin To Net: NetName=GPIO19 Pin=J3-7
Added Pin To Net: NetName=GPIO18 Pin=J3-8
Added Pin To Net: NetName=GPIO10 Pin=J3-13
Added Pin To Net: NetName=GPIO9_SCL Pin=J3-14
Added Pin To Net: NetName=GPIO10 Pin=J7-3
Added Pin To Net: NetName=GPIO9_SCL Pin=J7-5
Added Pin To Net: NetName=GPIO18 Pin=J7-11
Added Pin To Net: NetName=GPIO1_ADC1_1 Pin=J14-2
Added Pin To Net: NetName=GPIO1_ADC1_1 Pin=J16-3
Added Pin To Net: NetName=GPIO1_ADC1_1 Pin=J16-4
Added Pin To Net: NetName=GPIO1_ADC1_1 Pin=R15-1
Added Pin To Net: NetName=GPIO1_ADC1_1 Pin=R16-1
Added Pin To Net: NetName=GPIO1_ADC1_1 Pin=R17-1
Added Pin To Net: NetName=GPIO1_ADC1_1 Pin=R21-1
Added Pin To Net: NetName=3V3 Pin=U2-2
Added Pin To Net: NetName=CHIP_PU Pin=U2-3
Added Pin To Net: NetName=GPIO1_ADC1_1 Pin=U2-4
Added Pin To Net: NetName=GPIO1_ADC1_1 Pin=U2-5
Added Pin To Net: NetName=GPIO10 Pin=U2-11
Added Pin To Net: NetName=GPIO9_SCL Pin=U2-15
Added Pin To Net: NetName=GPIO18 Pin=U2-16
Added Pin To Net: NetName=GPIO19 Pin=U2-17
Added Pin To Net: NetName=GPIO1_ADC1_1 Pin=U2-18
Added Pin To Net: NetName=GPIO1_ADC1_1 Pin=U2-19
Added Pin To Net: NetName=GPIO1_ADC1_1 Pin=U2-20
Added Pin To Net: NetName=GPIO1_ADC1_1 Pin=U2-21
Added Pin To Net: NetName=UART_RXD Pin=U2-24
Added Pin To Net: NetName=UART_TXD Pin=U2-25
Added Pin To Net: NetName=GPIO1_ADC1_1 Pin=U2-26
Added Pin To Net: NetName=GPIO1_ADC1_1 Pin=U2-27
Added Pin To Net: NetName=GND Pin=U2-28
Added Pin To Net: NetName=GND Pin=U2-29
Added Pin To Net: NetName=GND Pin=U2-30
Added Pin To Net: NetName=GND Pin=U2-31
Added Pin To Net: NetName=GND Pin=U2-32
Added Pin To Net: NetName=GND Pin=U2-33
Added Pin To Net: NetName=GND Pin=U2-34
Added Pin To Net: NetName=GND Pin=U2-35
Added Pin To Net: NetName=GPIO1_ADC1_1 Pin=U8-1
Added Pin To Net: NetName=GPIO1_ADC1_1 Pin=U8-4
Change Net Name : Old Net Name=GPIO1_ADC1_1 New Net Name=GPIO2
Change Net Name : Old Net Name=GPIO9_SCL New Net Name=GPIO9
Change Net Name : Old Net Name=NetJ15_2 New Net Name=AIN_1
Change Net Name : Old Net Name=NetJ17_2 New Net Name=AIN_2
Added Pin To Net: NetName=GPIO0 Pin=J2-3
Added Pin To Net: NetName=GPIO0 Pin=U2-8
Added Net: Name=GPIO0
Added Pin To Net: NetName=GPIO1 Pin=J2-4
Added Pin To Net: NetName=GPIO1 Pin=U2-9
Added Net: Name=GPIO1
Added Pin To Net: NetName=GPIO6 Pin=J2-9
Added Pin To Net: NetName=GPIO6 Pin=J13-4
Added Pin To Net: NetName=GPIO6 Pin=U2-6
Added Net: Name=GPIO6
Added Pin To Net: NetName=GPIO7 Pin=J2-13
Added Pin To Net: NetName=GPIO7 Pin=J13-3
Added Pin To Net: NetName=GPIO7 Pin=U2-7
Added Net: Name=GPIO7
Added Pin To Net: NetName=GPIO8 Pin=J3-15
Added Pin To Net: NetName=GPIO8 Pin=R12-1
Added Pin To Net: NetName=GPIO8 Pin=R14-2
Added Pin To Net: NetName=GPIO8 Pin=U2-10
Added Net: Name=GPIO8
Added Pin To Net: NetName=GPIO11 Pin=J3-12
Added Pin To Net: NetName=GPIO11 Pin=J7-6
Added Pin To Net: NetName=GPIO11 Pin=J7-12
Added Pin To Net: NetName=GPIO11 Pin=U2-12
Added Net: Name=GPIO11
Added Pin To Net: NetName=GPIO12 Pin=J3-11
Added Pin To Net: NetName=GPIO12 Pin=J7-7
Added Pin To Net: NetName=GPIO12 Pin=J7-10
Added Pin To Net: NetName=GPIO12 Pin=U2-13
Added Net: Name=GPIO12
Added Pin To Net: NetName=GPIO13 Pin=J3-10
Added Pin To Net: NetName=GPIO13 Pin=J7-9
Added Pin To Net: NetName=GPIO13 Pin=J7-13
Added Pin To Net: NetName=GPIO13 Pin=U2-14
Added Net: Name=GPIO13
Added Pin To Net: NetName=GPIO15 Pin=J3-9
Added Pin To Net: NetName=GPIO15 Pin=J7-14
Added Pin To Net: NetName=GPIO15 Pin=U2-23
Added Net: Name=GPIO15
